<?xml version='1.0' encoding='UTF-8'?>
<testsuite hostname="MacBook-Air-de-Uthum.local" name="ETL.StatsCalculatorSuite" tests="2" errors="0" failures="0" skipped="0" time="0.021" timestamp="2026-01-23T15:32:23">
          <properties>
[...]
</properties>
          <testcase classname="ETL.StatsCalculatorSuite" name="calculateStats separates invalid errors from duplicates and counts valid unique" time="0.016">
                      
                    </testcase><testcase classname="ETL.StatsCalculatorSuite" name="average rounding is applied for genre metrics and ROI" time="0.005">
                      
                    </testcase>
          <system-out><![CDATA[]]></system-out>
          <system-err><![CDATA[]]></system-err>
        </testsuite>